/home/kb9agt/.rbenv/versions/2.2.2/bin/ruby -r ./siteconf20150905-18531-c0ao3p.rb extconf.rb
creating Makefile

make "DESTDIR=" clean

make "DESTDIR="
compiling wrapper.c
In file included from /usr/include/python2.7/Python.h:8:0,
                 from wrapper.c:14:
/usr/include/python2.7/pyconfig.h:1161:0: warning: "_POSIX_C_SOURCE" redefined [enabled by default]
In file included from /usr/include/stdio.h:28:0,
                 from /home/kb9agt/.rbenv/versions/2.2.2/include/ruby-2.2.0/ruby/defines.h:26,
                 from /home/kb9agt/.rbenv/versions/2.2.2/include/ruby-2.2.0/ruby/ruby.h:29,
                 from /home/kb9agt/.rbenv/versions/2.2.2/include/ruby-2.2.0/ruby.h:33,
                 from wrapper.c:3:
/usr/include/features.h:163:0: note: this is the location of the previous definition
In file included from /usr/include/python2.7/Python.h:8:0,
                 from wrapper.c:14:
/usr/include/python2.7/pyconfig.h:1183:0: warning: "_XOPEN_SOURCE" redefined [enabled by default]
In file included from /usr/include/stdio.h:28:0,
                 from /home/kb9agt/.rbenv/versions/2.2.2/include/ruby-2.2.0/ruby/defines.h:26,
                 from /home/kb9agt/.rbenv/versions/2.2.2/include/ruby-2.2.0/ruby/ruby.h:29,
                 from /home/kb9agt/.rbenv/versions/2.2.2/include/ruby-2.2.0/ruby.h:33,
                 from wrapper.c:3:
/usr/include/features.h:165:0: note: this is the location of the previous definition
wrapper.c: In function ‘put_in_tuple’:
wrapper.c:64:5: warning: ISO C90 forbids mixed declarations and code [-Wdeclaration-after-statement]
wrapper.c: In function ‘wrapper_highlight_string’:
wrapper.c:159:5: warning: ISO C90 forbids mixed declarations and code [-Wdeclaration-after-statement]
wrapper.c: In function ‘wrapper_highlight_file’:
wrapper.c:190:5: warning: ISO C90 forbids mixed declarations and code [-Wdeclaration-after-statement]
wrapper.c:197:5: warning: ISO C90 forbids mixed declarations and code [-Wdeclaration-after-statement]
wrapper.c:209:5: warning: ISO C90 forbids mixed declarations and code [-Wdeclaration-after-statement]
wrapper.c: In function ‘wrapper_new’:
wrapper.c:254:5: warning: ISO C90 forbids mixed declarations and code [-Wdeclaration-after-statement]
wrapper.c:258:5: warning: ISO C90 forbids mixed declarations and code [-Wdeclaration-after-statement]
linking shared-object wrapper.so

make "DESTDIR=" install
/usr/bin/install -c -m 0755 wrapper.so ./.gem.20150905-18531-1vxnf08
