/home/kb9agt/.rbenv/versions/2.2.2/bin/ruby -r ./siteconf20150908-5566-1bzthul.rb extconf.rb
creating Makefile

make "DESTDIR=" clean

make "DESTDIR="
compiling markdown.c
markdown.c: In function ‘char_link’:
markdown.c:1043:3: warning: ISO C90 forbids mixed declarations and code [-Wdeclaration-after-statement]
markdown.c:1083:3: warning: ISO C90 forbids mixed declarations and code [-Wdeclaration-after-statement]
markdown.c: In function ‘sd_markdown_render’:
markdown.c:2816:2: warning: ISO C90 forbids mixed declarations and code [-Wdeclaration-after-statement]
markdown.c:2834:3: warning: passing argument 1 of ‘is_codefence’ discards ‘const’ qualifier from pointer target type [enabled by default]
markdown.c:1387:1: note: expected ‘uint8_t *’ but argument is of type ‘const uint8_t *’
markdown.c: At top level:
markdown.c:90:15: warning: ‘char_underline’ declared ‘static’ but never defined [-Wunused-function]
markdown.c:91:15: warning: ‘char_highlight’ declared ‘static’ but never defined [-Wunused-function]
compiling html_smartypants.c
html_smartypants.c: In function ‘squote_len’:
html_smartypants.c:92:2: warning: initialization discards ‘const’ qualifier from pointer target type [enabled by default]
html_smartypants.c:92:2: warning: initialization discards ‘const’ qualifier from pointer target type [enabled by default]
html_smartypants.c:92:2: warning: initialization discards ‘const’ qualifier from pointer target type [enabled by default]
html_smartypants.c:92:2: warning: initialization discards ‘const’ qualifier from pointer target type [enabled by default]
html_smartypants.c: In function ‘smartypants_squote’:
html_smartypants.c:137:30: warning: comparison between signed and unsigned integer expressions [-Wsign-compare]
html_smartypants.c: In function ‘smartypants_cb__amp’:
html_smartypants.c:238:2: warning: ISO C90 forbids mixed declarations and code [-Wdeclaration-after-statement]
compiling buffer.c
buffer.c: In function ‘bufcstr’:
buffer.c:104:2: warning: passing argument 1 of ‘bufgrow’ discards ‘const’ qualifier from pointer target type [enabled by default]
buffer.c:53:1: note: expected ‘struct buf *’ but argument is of type ‘const struct buf *’
compiling houdini_html_e.c
compiling rc_markdown.c
rc_markdown.c: In function ‘rb_redcarpet_md_render’:
rc_markdown.c:125:2: warning: ISO C90 forbids mixed declarations and code [-Wdeclaration-after-statement]
compiling autolink.c
compiling stack.c
compiling html.c
compiling houdini_href_e.c
compiling rc_render.c
rc_render.c: In function ‘rndr_link_attributes’:
rc_render.c:281:28: warning: variable ‘rndr’ set but not used [-Wunused-but-set-variable]
linking shared-object redcarpet.so

make "DESTDIR=" install
/usr/bin/install -c -m 0755 redcarpet.so ./.gem.20150908-5566-v0sa
