/home/kb9agt/.rbenv/versions/2.2.2/bin/ruby -r ./siteconf20150829-6009-kxhzlo.rb extconf.rb
checking for ffi_call() in -lffi... yes
checking for ffi_prep_closure()... yes
checking for ffi_raw_call()... yes
checking for ffi_prep_raw_closure()... yes
checking for rb_thread_blocking_region()... no
checking for rb_thread_call_with_gvl()... yes
checking for rb_thread_call_without_gvl()... yes
checking for ffi_prep_cif_var()... yes
creating extconf.h
creating Makefile

make "DESTDIR=" clean

make "DESTDIR="
compiling AbstractMemory.c
compiling StructByValue.c
compiling MethodHandle.c
compiling Types.c
compiling Function.c
compiling DynamicLibrary.c
compiling LongDouble.c
compiling StructLayout.c
compiling Struct.c
compiling FunctionInfo.c
compiling ffi.c
compiling MappedType.c
compiling LastError.c
compiling Buffer.c
compiling Variadic.c
compiling Platform.c
compiling Type.c
compiling StructByReference.c
compiling ArrayType.c
compiling ClosurePool.c
compiling DataConverter.c
compiling Thread.c
compiling Call.c
compiling MemoryPointer.c
compiling Pointer.c
linking shared-object ffi_c.so

make "DESTDIR=" install
/usr/bin/install -c -m 0755 ffi_c.so ./.gem.20150829-6009-1d1gqf0
